<?xml version="1.0" encoding="UTF-8"?>
<!-- Generated by org.testng.reporters.JUnitXMLReporter -->
<testsuite ignored="0" hostname="LTIN689611" failures="1" tests="2" name="Test1" time="147.63" errors="0" timestamp="2026-04-17T16:39:05 IST">
  <testcase classname="testCases.TC_001_Identify_Hospitals" name="identifyHospitals" time="120.683"/>
  <testcase classname="testCases.TC_002_DiagnosticTest" name="verifyTopCitiesInDiagnosticPage" time="3.624">
    <failure type="java.lang.AssertionError">
      <![CDATA[java.lang.AssertionError
at org.junit.Assert.fail(Assert.java:87)
at org.junit.Assert.fail(Assert.java:96)
at testCases.TC_002_DiagnosticTest.verifyTopCitiesInDiagnosticPage(TC_002_DiagnosticTest.java:26)
at java.base/java.util.ArrayList.forEach(ArrayList.java:1596)
... Removed 25 stack frames]]>
    </failure>
  </testcase> <!-- verifyTopCitiesInDiagnosticPage -->
</testsuite> <!-- Test1 -->
