<?xml version="1.0" encoding="UTF-8"?>
<!-- Generated by org.testng.reporters.JUnitXMLReporter -->
<testsuite ignored="0" hostname="LTIN689611" failures="0" tests="4" name="Test" time="178.686" errors="0" timestamp="2026-04-09T08:57:07 IST">
  <testcase classname="testCases.TC_003_CorporateWellnessTest" name="verifyCorporateWellnessDemoForm" time="31.974"/>
  <testcase classname="testCases.TC_002_DiagnosticTest" name="verifyTopCitiesInDiagnosticPage" time="3.157"/>
  <testcase classname="testCases.TC_001_Identify_Hospitals" name="identifyHospitals" time="101.344"/>
  <testcase classname="testCases.TC_004_RegisterTest" name="verifyPasswordStrength" time="4.171"/>
</testsuite> <!-- Test -->
