<?xml version="1.0" encoding="UTF-8"?>
<!-- Generated by org.testng.reporters.JUnitReportReporter -->
<testsuite hostname="LTIN689611" failures="0" tests="1" name="runner.TestRunner" time="43.771" errors="1" timestamp="2026-04-19T19:41:36 IST" skipped="0">
  <testcase classname="runner.TestRunner" name="runScenario" time="43.771">
    <error message="Cannot locate option with text: &lt;00
For documentation on this error, please visit: https://www.selenium.dev/documentation/webdriver/troubleshooting/errors#nosuchelementexception
Build info: version: &#039;4.41.0&#039;, revision: &#039;9fc754f&#039;
System info: os.name: &#039;Windows 11&#039;, os.arch: &#039;amd64&#039;, os.version: &#039;10.0&#039;, java.version: &#039;21.0.9&#039;
Driver info: driver.version: unknown" type="org.openqa.selenium.NoSuchElementException">
      <![CDATA[org.openqa.selenium.NoSuchElementException: Cannot locate option with text: <00
For documentation on this error, please visit: https://www.selenium.dev/documentation/webdriver/troubleshooting/errors#nosuchelementexception
Build info: version: '4.41.0', revision: '9fc754f'
System info: os.name: 'Windows 11', os.arch: 'amd64', os.version: '10.0', java.version: '21.0.9'
Driver info: driver.version: unknown
at org.openqa.selenium.support.ui.Select.selectByVisibleText(Select.java:400)
at org.openqa.selenium.support.ui.Select.selectByVisibleText(Select.java:128)
at pageObjects.CorporateWellnessPage.selectOrganizationSize(CorporateWellnessPage.java:67)
at stepdefinitions.CorporateWellnessSteps.user_selects_organization_size_and_interest(CorporateWellnessSteps.java:45)
at ✽.user selects organization size and interest(file:///C:/Users/2475087/git/repository/Practo/src/test/resources/features/CorporateWellness.feature:10)
]]>
    </error>
  </testcase> <!-- runScenario -->
</testsuite> <!-- runner.TestRunner -->
