<?xml version="1.0" encoding="UTF-8"?>
<!-- Generated by org.testng.reporters.JUnitReportReporter -->
<testsuite hostname="LTIN689611" failures="0" tests="3" name="runner.TestRunner" time="157.251" errors="0" timestamp="2026-04-20T22:22:49 IST" skipped="0">
  <testcase classname="runner.TestRunner" name="runScenario" time="102.046"/>
  <testcase classname="runner.TestRunner" name="runScenario" time="10.226"/>
  <testcase classname="runner.TestRunner" name="runScenario" time="44.979"/>
</testsuite> <!-- runner.TestRunner -->
