<?xml version="1.0" encoding="UTF-8"?>
<!-- Generated by org.testng.reporters.JUnitReportReporter -->
<testsuite hostname="LTIN689611" failures="0" tests="3" name="testCases.TC_001_Identify_Hospitals" time="84.611" errors="0" timestamp="2026-04-20T22:18:55 IST" skipped="0">
  <testcase classname="testCases.TC_001_Identify_Hospitals" name="searchForHospitals" time="10.973"/>
  <testcase classname="testCases.TC_001_Identify_Hospitals" name="collectHospitalLinks" time="0.698"/>
  <testcase classname="testCases.TC_001_Identify_Hospitals" name="validateHospitalDetails" time="72.940"/>
</testsuite> <!-- testCases.TC_001_Identify_Hospitals -->
