<?xml version="1.0" encoding="UTF-8"?>
<testng-results ignored="0" total="2" passed="2" failed="0" skipped="0">
  <reporter-output>
  </reporter-output>
  <suite started-at="2026-04-19T19:58:49 IST" name="Suite" finished-at="2026-04-19T20:00:22 IST" duration-ms="93357">
    <groups>
    </groups>
    <test started-at="2026-04-19T19:58:49 IST" name="Test1" finished-at="2026-04-19T20:00:22 IST" duration-ms="93357">
      <class name="testCases.TC_002_DiagnosticTest">
        <test-method is-config="true" signature="setup(java.lang.String)[pri:0, instance:testCases.TC_002_DiagnosticTest@576c5536]" started-at="2026-04-19T20:00:08 IST" name="setup" finished-at="2026-04-19T20:00:17 IST" duration-ms="8785" status="PASS">
          <params>
            <param index="0">
              <value>
                <![CDATA[chrome]]>
              </value>
            </param>
          </params>
          <reporter-output>
          </reporter-output>
        </test-method> <!-- setup -->
        <test-method signature="verifyTopCitiesInDiagnosticPage()[pri:2, instance:testCases.TC_002_DiagnosticTest@576c5536]" started-at="2026-04-19T20:00:17 IST" name="verifyTopCitiesInDiagnosticPage" finished-at="2026-04-19T20:00:20 IST" duration-ms="3559" status="PASS">
          <reporter-output>
          </reporter-output>
        </test-method> <!-- verifyTopCitiesInDiagnosticPage -->
        <test-method is-config="true" signature="tearDown()[pri:0, instance:testCases.TC_002_DiagnosticTest@576c5536]" started-at="2026-04-19T20:00:20 IST" name="tearDown" finished-at="2026-04-19T20:00:22 IST" duration-ms="2068" status="PASS">
          <reporter-output>
          </reporter-output>
        </test-method> <!-- tearDown -->
      </class> <!-- testCases.TC_002_DiagnosticTest -->
      <class name="testCases.TC_003_CorporateWellnessTest">
        <test-method is-config="true" signature="copyEnvFile()[pri:0, instance:testCases.TC_003_CorporateWellnessTest@5f80fa43]" started-at="2026-04-19T19:58:49 IST" name="copyEnvFile" finished-at="2026-04-19T19:58:49 IST" duration-ms="42" status="PASS">
          <reporter-output>
          </reporter-output>
        </test-method> <!-- copyEnvFile -->
        <test-method is-config="true" signature="setup(java.lang.String)[pri:0, instance:testCases.TC_003_CorporateWellnessTest@5f80fa43]" started-at="2026-04-19T19:58:49 IST" name="setup" finished-at="2026-04-19T19:58:57 IST" duration-ms="7907" status="PASS">
          <params>
            <param index="0">
              <value>
                <![CDATA[chrome]]>
              </value>
            </param>
          </params>
          <reporter-output>
          </reporter-output>
        </test-method> <!-- setup -->
        <test-method signature="verifyCorporateWellnessDemoForm()[pri:3, instance:testCases.TC_003_CorporateWellnessTest@5f80fa43]" started-at="2026-04-19T19:58:57 IST" name="verifyCorporateWellnessDemoForm" finished-at="2026-04-19T20:00:04 IST" duration-ms="67353" status="PASS">
          <reporter-output>
          </reporter-output>
        </test-method> <!-- verifyCorporateWellnessDemoForm -->
        <test-method is-config="true" signature="tearDown()[pri:0, instance:testCases.TC_003_CorporateWellnessTest@5f80fa43]" started-at="2026-04-19T20:00:05 IST" name="tearDown" finished-at="2026-04-19T20:00:08 IST" duration-ms="3455" status="PASS">
          <reporter-output>
          </reporter-output>
        </test-method> <!-- tearDown -->
      </class> <!-- testCases.TC_003_CorporateWellnessTest -->
    </test> <!-- Test1 -->
  </suite> <!-- Suite -->
</testng-results>
