<?xml version="1.0" encoding="UTF-8"?>
<testng-results ignored="0" total="1" passed="1" failed="0" skipped="0">
  <reporter-output>
  </reporter-output>
  <suite started-at="2026-04-17T17:15:37 IST" name="Default suite" finished-at="2026-04-17T17:16:19 IST" duration-ms="42610">
    <groups>
      <group name="cucumber">
        <method signature="AbstractTestNGCucumberTests.runScenario(io.cucumber.testng.PickleWrapper,io.cucumber.testng.FeatureWrapper)[pri:0, instance:runner.TestRunner@7d7758be]" name="runScenario" class="io.cucumber.testng.AbstractTestNGCucumberTests"/>
      </group> <!-- cucumber -->
    </groups>
    <test started-at="2026-04-17T17:15:37 IST" name="Default test" finished-at="2026-04-17T17:16:19 IST" duration-ms="42610">
      <class name="runner.TestRunner">
        <test-method is-config="true" signature="setUpClass(org.testng.ITestContext)[pri:0, instance:runner.TestRunner@7d7758be]" started-at="2026-04-17T17:15:37 IST" name="setUpClass" finished-at="2026-04-17T17:15:37 IST" duration-ms="676" status="PASS">
          <params>
            <param index="0">
              <value>
                <![CDATA[org.testng.TestRunner@459b6c53]]>
              </value>
            </param>
          </params>
          <reporter-output>
          </reporter-output>
        </test-method> <!-- setUpClass -->
        <test-method signature="runScenario(io.cucumber.testng.PickleWrapper,io.cucumber.testng.FeatureWrapper)[pri:0, instance:runner.TestRunner@7d7758be]" started-at="2026-04-17T17:15:37 IST" name="runScenario" description="Runs Cucumber Scenarios" data-provider="scenarios" finished-at="2026-04-17T17:16:19 IST" duration-ms="41800" status="PASS">
          <params>
            <param index="0">
              <value>
                <![CDATA["Submit corporate wellness demo request form"]]>
              </value>
            </param>
            <param index="1">
              <value>
                <![CDATA["Corporate Wellness Demo Form"]]>
              </value>
            </param>
          </params>
          <reporter-output>
          </reporter-output>
        </test-method> <!-- runScenario -->
        <test-method is-config="true" signature="tearDownClass()[pri:0, instance:runner.TestRunner@7d7758be]" started-at="2026-04-17T17:16:19 IST" name="tearDownClass" finished-at="2026-04-17T17:16:19 IST" duration-ms="24" status="PASS">
          <reporter-output>
          </reporter-output>
        </test-method> <!-- tearDownClass -->
      </class> <!-- runner.TestRunner -->
    </test> <!-- Default test -->
  </suite> <!-- Default suite -->
</testng-results>
